app/seeds.txt
com.SecUpwN.AIMSICD.AIMSICD
com.SecUpwN.AIMSICD.AIMSICD: android.widget.ProgressBar mProgressBar
com.SecUpwN.AIMSICD.AIMSICD: AIMSICD()
com.SecUpwN.AIMSICD.AIMSICD: void onCreate(android.os.Bundle)
com.SecUpwN.AIMSICD.AIMSICD: void onPostCreate(android.os.Bundle)
com.SecUpwN.AIMSICD.AIMSICD: void onConfigurationChanged(android.content.res.Configuration)
com.SecUpwN.AIMSICD.AIMSICD: void onDestroy()
com.SecUpwN.AIMSICD.AIMSICD: void processFinish(float[])
com.SecUpwN.AIMSICD.AIMSICD: void processFinish(java.util.List)
com.SecUpwN.AIMSICD.AIMSICD: void setTitle(java.lang.CharSequence)
com.SecUpwN.AIMSICD.AIMSICD: com.SecUpwN.AIMSICD.drawer.DrawerMenuActivityConfiguration getNavDrawerConfiguration()
com.SecUpwN.AIMSICD.AIMSICD: void onResume()
com.SecUpwN.AIMSICD.AIMSICD: boolean onPrepareOptionsMenu(android.view.Menu)
com.SecUpwN.AIMSICD.AIMSICD: boolean onOptionsItemSelected(android.view.MenuItem)
com.SecUpwN.AIMSICD.AIMSICD: void onBackPressed()
com.SecUpwN.AIMSICD.BuildConfig
com.SecUpwN.AIMSICD.BuildConfig: boolean DEBUG
com.SecUpwN.AIMSICD.BuildConfig: java.lang.String PACKAGE_NAME
com.SecUpwN.AIMSICD.BuildConfig: java.lang.String BUILD_TYPE
com.SecUpwN.AIMSICD.BuildConfig: java.lang.String FLAVOR
com.SecUpwN.AIMSICD.BuildConfig: int VERSION_CODE
com.SecUpwN.AIMSICD.BuildConfig: java.lang.String VERSION_NAME
com.SecUpwN.AIMSICD.BuildConfig: java.lang.String OPEN_CELLID_API_KEY
com.SecUpwN.AIMSICD.BuildConfig: BuildConfig()
com.SecUpwN.AIMSICD.R
com.SecUpwN.AIMSICD.R: R()
com.SecUpwN.AIMSICD.R$array
com.SecUpwN.AIMSICD.R$array: int pref_map_type_entries
com.SecUpwN.AIMSICD.R$array: int pref_map_type_values
com.SecUpwN.AIMSICD.R$array: int pref_refresh_entries
com.SecUpwN.AIMSICD.R$array: int pref_refresh_values
com.SecUpwN.AIMSICD.R$array: int pref_ui_icons_entries
com.SecUpwN.AIMSICD.R$array: int pref_ui_icons_values
com.SecUpwN.AIMSICD.R$array: int table_names
com.SecUpwN.AIMSICD.R$array: int timeout_spinner_values
com.SecUpwN.AIMSICD.R$array: R$array()
com.SecUpwN.AIMSICD.R$attr
com.SecUpwN.AIMSICD.R$attr: R$attr()
com.SecUpwN.AIMSICD.R$color
com.SecUpwN.AIMSICD.R$color: int action_bar_color
com.SecUpwN.AIMSICD.R$color: int black
com.SecUpwN.AIMSICD.R$color: int cb_shader_alpha
com.SecUpwN.AIMSICD.R$color: int green_text
com.SecUpwN.AIMSICD.R$color: int light_blue
com.SecUpwN.AIMSICD.R$color: int map_1xrtt
com.SecUpwN.AIMSICD.R$color: int map_cdma
com.SecUpwN.AIMSICD.R$color: int map_default
com.SecUpwN.AIMSICD.R$color: int map_edge
com.SecUpwN.AIMSICD.R$color: int map_evdo0
com.SecUpwN.AIMSICD.R$color: int map_evdoA
com.SecUpwN.AIMSICD.R$color: int map_gprs
com.SecUpwN.AIMSICD.R$color: int map_hsdpa
com.SecUpwN.AIMSICD.R$color: int map_hspa
com.SecUpwN.AIMSICD.R$color: int map_hsupa
com.SecUpwN.AIMSICD.R$color: int map_umts
com.SecUpwN.AIMSICD.R$color: int map_unknown
com.SecUpwN.AIMSICD.R$color: int medium_blue
com.SecUpwN.AIMSICD.R$color: int off_white
com.SecUpwN.AIMSICD.R$color: int white
com.SecUpwN.AIMSICD.R$color: R$color()
com.SecUpwN.AIMSICD.R$dimen
com.SecUpwN.AIMSICD.R$dimen: int activity_horizontal_margin
com.SecUpwN.AIMSICD.R$dimen: R$dimen()
...
org.apache.http.impl.io.HttpRequestParser
org.apache.http.impl.io.HttpRequestParser: HttpRequestParser(org.apache.http.io.SessionInputBuffer,org.apache.http.message.LineParser,org.apache.http.HttpRequestFactory,org.apache.http.params.HttpParams)
org.apache.http.impl.io.HttpRequestParser: org.apache.http.HttpMessage parseHead(org.apache.http.io.SessionInputBuffer)
org.apache.http.impl.io.HttpRequestWriter
org.apache.http.impl.io.HttpRequestWriter: HttpRequestWriter(org.apache.http.io.SessionOutputBuffer,org.apache.http.message.LineFormatter,org.apache.http.params.HttpParams)
org.apache.http.impl.io.HttpRequestWriter: void writeHeadLine(org.apache.http.HttpRequest)
org.apache.http.impl.io.HttpRequestWriter: void writeHeadLine(org.apache.http.HttpMessage)
org.apache.http.impl.io.HttpResponseParser
org.apache.http.impl.io.HttpResponseParser: HttpResponseParser(org.apache.http.io.SessionInputBuffer,org.apache.http.message.LineParser,org.apache.http.HttpResponseFactory,org.apache.http.params.HttpParams)
org.apache.http.impl.io.HttpResponseParser: org.apache.http.HttpMessage parseHead(org.apache.http.io.SessionInputBuffer)
org.apache.http.impl.io.HttpResponseWriter
org.apache.http.impl.io.HttpResponseWriter: HttpResponseWriter(org.apache.http.io.SessionOutputBuffer,org.apache.http.message.LineFormatter,org.apache.http.params.HttpParams)
org.apache.http.impl.io.HttpResponseWriter: void writeHeadLine(org.apache.http.HttpResponse)
org.apache.http.impl.io.HttpResponseWriter: void writeHeadLine(org.apache.http.HttpMessage)
org.apache.http.impl.io.HttpTransportMetricsImpl
org.apache.http.impl.io.HttpTransportMetricsImpl: HttpTransportMetricsImpl()
org.apache.http.impl.io.HttpTransportMetricsImpl: long getBytesTransferred()
org.apache.http.impl.io.HttpTransportMetricsImpl: void setBytesTransferred(long)
org.apache.http.impl.io.HttpTransportMetricsImpl: void incrementBytesTransferred(long)
org.apache.http.impl.io.HttpTransportMetricsImpl: void reset()
org.apache.http.impl.io.IdentityInputStream
org.apache.http.impl.io.IdentityInputStream: IdentityInputStream(org.apache.http.io.SessionInputBuffer)
org.apache.http.impl.io.IdentityInputStream: int available()
org.apache.http.impl.io.IdentityInputStream: void close()
org.apache.http.impl.io.IdentityInputStream: int read()
org.apache.http.impl.io.IdentityInputStream: int read(byte[],int,int)
org.apache.http.impl.io.IdentityOutputStream
org.apache.http.impl.io.IdentityOutputStream: IdentityOutputStream(org.apache.http.io.SessionOutputBuffer)
org.apache.http.impl.io.IdentityOutputStream: void close()
org.apache.http.impl.io.IdentityOutputStream: void flush()
org.apache.http.impl.io.IdentityOutputStream: void write(byte[],int,int)
org.apache.http.impl.io.IdentityOutputStream: void write(byte[])
org.apache.http.impl.io.IdentityOutputStream: void write(int)
org.apache.http.impl.io.SocketInputBuffer
org.apache.http.impl.io.SocketInputBuffer: SocketInputBuffer(java.net.Socket,int,org.apache.http.params.HttpParams)
org.apache.http.impl.io.SocketInputBuffer: int fillBuffer()
org.apache.http.impl.io.SocketInputBuffer: boolean isDataAvailable(int)
org.apache.http.impl.io.SocketInputBuffer: boolean isEof()
org.apache.http.impl.io.SocketOutputBuffer
org.apache.http.impl.io.SocketOutputBuffer: SocketOutputBuffer(java.net.Socket,int,org.apache.http.params.HttpParams)
org.apache.http.impl.pool.BasicConnFactory
org.apache.http.impl.pool.BasicConnFactory: BasicConnFactory(javax.net.ssl.SSLSocketFactory,org.apache.http.params.HttpParams)
org.apache.http.impl.pool.BasicConnFactory: BasicConnFactory(org.apache.http.params.HttpParams)
org.apache.http.impl.pool.BasicConnFactory: org.apache.http.HttpClientConnection create(java.net.Socket,org.apache.http.params.HttpParams)
org.apache.http.impl.pool.BasicConnFactory: org.apache.http.HttpClientConnection create(org.apache.http.HttpHost)
org.apache.http.impl.pool.BasicConnFactory: java.lang.Object create(java.lang.Object)