app/mapping.txt
com.SecUpwN.AIMSICD.AIMSICD -> com.SecUpwN.AIMSICD.AIMSICD:
    java.lang.String TAG -> n
    android.content.Context mContext -> o
    boolean mBound -> p
    android.content.SharedPreferences prefs -> q
    android.content.SharedPreferences$Editor prefsEditor -> r
    java.lang.String mDisclaimerAccepted -> s
    com.SecUpwN.AIMSICD.service.AimsicdService mAimsicdService -> t
    android.support.v4.widget.DrawerLayout mDrawerLayout -> u
    android.app.ActionBar mActionBar -> v
    android.widget.ListView mDrawerList -> w
    android.support.v4.app.ActionBarDrawerToggle mDrawerToggle -> x
    java.lang.CharSequence mDrawerTitle -> y
    java.lang.CharSequence mTitle -> z
    android.widget.ProgressBar mProgressBar -> mProgressBar
    long mLastPress -> A
    com.SecUpwN.AIMSICD.drawer.DrawerMenuActivityConfiguration mNavConf -> B
    android.content.ServiceConnection mConnection -> C
    103:192:void onCreate(android.os.Bundle) -> onCreate
    196:199:void onPostCreate(android.os.Bundle) -> onPostCreate
    203:205:void onConfigurationChanged(android.content.res.Configuration) -> onConfigurationChanged
    210:223:void onDestroy() -> onDestroy
    235:371:void selectItem(int) -> a
    375:384:void processFinish(float[]) -> processFinish
    388:401:void processFinish(java.util.List) -> processFinish
    406:408:void setTitle(java.lang.CharSequence) -> setTitle
com.SecUpwN.AIMSICD.AIMSICD$1 -> na:
    com.SecUpwN.AIMSICD.AIMSICD this$0 -> a
    133:136:void onDrawerClosed(android.view.View) -> onDrawerClosed
    140:143:void onDrawerOpened(android.view.View) -> onDrawerOpened
com.SecUpwN.AIMSICD.AIMSICD$2 -> nb:
    com.SecUpwN.AIMSICD.AIMSICD this$0 -> a
    177:186:void onClick(android.content.DialogInterface,int) -> onClick
com.SecUpwN.AIMSICD.AIMSICD$3 -> nc:
    com.SecUpwN.AIMSICD.AIMSICD this$0 -> a
    170:173:void onClick(android.content.DialogInterface,int) -> onClick
com.SecUpwN.AIMSICD.AIMSICD$4 -> nd:
    com.SecUpwN.AIMSICD.AIMSICD this$0 -> a
    470:477:void onServiceConnected(android.content.ComponentName,android.os.IBinder) -> onServiceConnected
    481:483:void onServiceDisconnected(android.content.ComponentName) -> onServiceDisconnected
com.SecUpwN.AIMSICD.AIMSICD$DrawerItemClickListener -> ne:
    com.SecUpwN.AIMSICD.AIMSICD this$0 -> a
    228:230:void onItemClick(android.widget.AdapterView,android.view.View,int,long) -> onItemClick
com.SecUpwN.AIMSICD.BuildConfig -> com.SecUpwN.AIMSICD.BuildConfig:
    boolean DEBUG -> DEBUG
    java.lang.String PACKAGE_NAME -> PACKAGE_NAME
    java.lang.String BUILD_TYPE -> BUILD_TYPE
    java.lang.String FLAVOR -> FLAVOR
    int VERSION_CODE -> VERSION_CODE
    java.lang.String VERSION_NAME -> VERSION_NAME
    java.lang.String OPEN_CELLID_API_KEY -> OPEN_CELLID_API_KEY
com.SecUpwN.AIMSICD.R -> com.SecUpwN.AIMSICD.R:
com.SecUpwN.AIMSICD.R$array -> com.SecUpwN.AIMSICD.R$array:
    int pref_map_type_entries -> pref_map_type_entries
    int pref_map_type_values -> pref_map_type_values
    int pref_refresh_entries -> pref_refresh_entries
    int pref_refresh_values -> pref_refresh_values
    int pref_ui_icons_entries -> pref_ui_icons_entries
    int pref_ui_icons_values -> pref_ui_icons_values
    int table_names -> table_names
    int timeout_spinner_values -> timeout_spinner_values
com.SecUpwN.AIMSICD.R$attr -> com.SecUpwN.AIMSICD.R$attr:
...
android.support.v4.text.TextDirectionHeuristicsCompat$AnyStrong -> eq:
    boolean mLookForRtl -> c
    android.support.v4.text.TextDirectionHeuristicsCompat$AnyStrong INSTANCE_RTL -> a
    android.support.v4.text.TextDirectionHeuristicsCompat$AnyStrong INSTANCE_LTR -> b
    206:228:int checkRtl(java.lang.CharSequence,int,int) -> a
android.support.v4.text.TextDirectionHeuristicsCompat$FirstStrong -> er:
    android.support.v4.text.TextDirectionHeuristicsCompat$FirstStrong INSTANCE -> a
    183:187:int checkRtl(java.lang.CharSequence,int,int) -> a
android.support.v4.text.TextDirectionHeuristicsCompat$TextDirectionAlgorithm -> es:
    int checkRtl(java.lang.CharSequence,int,int) -> a
android.support.v4.text.TextDirectionHeuristicsCompat$TextDirectionHeuristicImpl -> et:
    android.support.v4.text.TextDirectionHeuristicsCompat$TextDirectionAlgorithm mAlgorithm -> a
    boolean defaultIsRtl() -> a
    125:125:boolean isRtl(char[],int,int) -> isRtl
    130:136:boolean isRtl(java.lang.CharSequence,int,int) -> isRtl
    140:146:boolean doCheck(java.lang.CharSequence,int,int) -> a
android.support.v4.text.TextDirectionHeuristicsCompat$TextDirectionHeuristicInternal -> eu:
    boolean mDefaultIsRtl -> a
    162:162:boolean defaultIsRtl() -> a
android.support.v4.text.TextDirectionHeuristicsCompat$TextDirectionHeuristicLocale -> ev:
    android.support.v4.text.TextDirectionHeuristicsCompat$TextDirectionHeuristicLocale INSTANCE -> a
    250:251:boolean defaultIsRtl() -> a
android.support.v4.text.TextUtilsCompat -> android.support.v4.text.TextUtilsCompat:
    java.util.Locale ROOT -> ROOT
    java.lang.String ARAB_SCRIPT_SUBTAG -> a
    java.lang.String HEBR_SCRIPT_SUBTAG -> b
    31:59:java.lang.String htmlEncode(java.lang.String) -> htmlEncode
    73:84:int getLayoutDirectionFromLocale(java.util.Locale) -> getLayoutDirectionFromLocale
    100:107:int getLayoutDirectionFromFirstChar(java.util.Locale) -> a
android.support.v4.util.ArrayMap -> android.support.v4.util.ArrayMap:
    android.support.v4.util.MapCollections mCollections -> a
    72:120:android.support.v4.util.MapCollections getCollection() -> b
    130:130:boolean containsAll(java.util.Collection) -> containsAll
    139:143:void putAll(java.util.Map) -> putAll
    151:151:boolean removeAll(java.util.Collection) -> removeAll
    161:161:boolean retainAll(java.util.Collection) -> retainAll
    179:179:java.util.Set entrySet() -> entrySet
    191:191:java.util.Set keySet() -> keySet
    203:203:java.util.Collection values() -> values
android.support.v4.util.ArrayMap$1 -> ew:
    android.support.v4.util.ArrayMap this$0 -> a
    76:76:int colGetSize() -> a
    81:81:java.lang.Object colGetEntry(int,int) -> a
    86:86:int colIndexOfKey(java.lang.Object) -> a
    91:91:int colIndexOfValue(java.lang.Object) -> b
    96:96:java.util.Map colGetMap() -> b
    101:102:void colPut(java.lang.Object,java.lang.Object) -> a
    106:106:java.lang.Object colSetValue(int,java.lang.Object) -> a
    111:112:void colRemoveAt(int) -> a
    116:117:void colClear() -> c
android.support.v4.util.AtomicFile -> android.support.v4.util.AtomicFile:
    java.io.File mBaseName -> a
    java.io.File mBackupName -> b
    61:61:java.io.File getBaseFile() -> getBaseFile
    68:70:void delete() -> delete
    88:112:java.io.FileOutputStream startWrite() -> startWrite
    122:131:void finishWrite(java.io.FileOutputStream) -> finishWrite
    139:149:void failWrite(java.io.FileOutputStream) -> failWrite
    164:168:java.io.FileInputStream openRead() -> openRead
    176:199:byte[] readFully() -> readFully
    205:211:boolean sync(java.io.FileOutputStream) -> a