app/unused.txt
com.SecUpwN.AIMSICD.adapters.AIMSICDDbAdapter:
    private static final java.lang.String COLUMN_ID
com.SecUpwN.AIMSICD.drawer.DrawerMenuSection:
    private static final int SECTION_TYPE
com.SecUpwN.AIMSICD.rilexecutor.RilExecutor:
    private static final int ID_REQUEST_START_SERVICE_MODE_COMMAND
    private static final int ID_REQUEST_FINISH_SERVICE_MODE_COMMAND
    private static final int ID_REQUEST_PRESS_A_KEY
    private static final int ID_REQUEST_REFRESH
    private static final int ID_RESPONSE
    private static final int ID_RESPONSE_FINISH_SERVICE_MODE_COMMAND
    private static final int ID_RESPONSE_PRESS_A_KEY
    private static final int REQUEST_TIMEOUT
com.SecUpwN.AIMSICD.rilexecutor.SamsungMulticlientRilExecutor:
    private static final int RIL_REQUEST_OEM_RAW
    private static final int RIL_REQUEST_OEM_STRINGS
    private static final int RESPONSE_SOLICITED
    private static final int RESPONSE_UNSOLICITED
    private static final int ID_REQUEST_AT_COMMAND
    private static final int ID_RESPONSE_AT_COMMAND
    private static final boolean DBG
com.SecUpwN.AIMSICD.rilexecutor.SamsungMulticlientRilExecutor$LocalSocketThread:
    private static final int MAX_MESSAGES
com.SecUpwN.AIMSICD.service.LocationTracker:
    private static final long GPS_MIN_UPDATE_TIME
    private static final float GPS_MIN_UPDATE_DISTANCE
com.SecUpwN.AIMSICD.utils.CMDProcessor:
    private static final java.lang.String TAG
com.SecUpwN.AIMSICD.utils.ChildProcess:
    private static final int PIPE_SIZE
com.SecUpwN.AIMSICD.utils.Device:
    private static final int TWO_MINUTES
com.SecUpwN.AIMSICD.utils.Helpers:
    private static final java.lang.String TAG
    private static final int CHARS_PER_LINE
com.SecUpwN.AIMSICD.utils.OemCommands:
    private static final java.lang.String TAG
com.SecUpwN.AIMSICD.utils.StackOverflowXmlParser:
    87:92:private java.lang.String readText(org.xmlpull.v1.XmlPullParser)
...
android.support.v4.view.ScaleGestureDetectorCompatKitKat:
    29:30:private ScaleGestureDetectorCompatKitKat()
android.support.v4.view.VelocityTrackerCompatHoneycomb:
    24:24:VelocityTrackerCompatHoneycomb()
android.support.v4.view.ViewCompat:
    private static final long FAKE_FRAME_TIME
android.support.v4.view.ViewCompatEclairMr1:
    22:22:ViewCompatEclairMr1()
android.support.v4.view.ViewCompatGingerbread:
    21:21:ViewCompatGingerbread()
android.support.v4.view.ViewCompatHC:
    23:23:ViewCompatHC()
android.support.v4.view.ViewCompatICS:
    27:27:ViewCompatICS()
android.support.v4.view.ViewCompatJB:
    26:26:ViewCompatJB()
android.support.v4.view.ViewCompatJellybeanMr1:
    25:25:ViewCompatJellybeanMr1()
android.support.v4.view.ViewConfigurationCompatFroyo:
    24:24:ViewConfigurationCompatFroyo()
android.support.v4.view.ViewGroupCompatHC:
    23:24:private ViewGroupCompatHC()
android.support.v4.view.ViewGroupCompatIcs:
    26:26:ViewGroupCompatIcs()
android.support.v4.view.ViewGroupCompatJellybeanMR2:
    22:22:ViewGroupCompatJellybeanMR2()
android.support.v4.view.ViewPager:
    private static final java.lang.String TAG
    private static final boolean DEBUG
    private static final boolean USE_CACHE
    private static final int DEFAULT_OFFSCREEN_PAGES
    private static final int MAX_SETTLE_DURATION
    private static final int MIN_DISTANCE_FOR_FLING
    private static final int DEFAULT_GUTTER_SIZE
    private static final int MIN_FLING_VELOCITY
    private boolean mIgnoreGutter
    private static final int INVALID_POINTER
    private static final int CLOSE_ENOUGH
    private static final int DRAW_ORDER_DEFAULT
    private static final int DRAW_ORDER_FORWARD
    private static final int DRAW_ORDER_REVERSE
    778:779:void smoothScrollTo(int,int)
android.support.v4.view.accessibility.AccessibilityEventCompatIcs:
    25:25:AccessibilityEventCompatIcs()
android.support.v4.view.accessibility.AccessibilityManagerCompatIcs:
    28:30:AccessibilityManagerCompatIcs()
android.support.v4.view.accessibility.AccessibilityNodeInfoCompatIcs:
    28:28:AccessibilityNodeInfoCompatIcs()
android.support.v4.view.accessibility.AccessibilityNodeInfoCompatJellyBean:
    26:26:AccessibilityNodeInfoCompatJellyBean()
android.support.v4.view.accessibility.AccessibilityNodeInfoCompatJellybeanMr2:
    21:21:AccessibilityNodeInfoCompatJellybeanMr2()
android.support.v4.view.accessibility.AccessibilityNodeInfoCompatKitKat:
    24:24:AccessibilityNodeInfoCompatKitKat()
android.support.v4.view.accessibility.AccessibilityNodeProviderCompatJellyBean:
    28:29:AccessibilityNodeProviderCompatJellyBean()
android.support.v4.view.accessibility.AccessibilityNodeProviderCompatKitKat:
    28:29:AccessibilityNodeProviderCompatKitKat()
android.support.v4.view.accessibility.AccessibilityRecordCompatIcs:
    28:28:AccessibilityRecordCompatIcs()
android.support.v4.view.accessibility.AccessibilityRecordCompatIcsMr1:
    24:24:AccessibilityRecordCompatIcsMr1()
android.support.v4.view.accessibility.AccessibilityRecordCompatJellyBean:
    25:25:AccessibilityRecordCompatJellyBean()
android.support.v4.widget.AutoScrollHelper:
    private static final int HORIZONTAL
    private static final int VERTICAL
    private static final int DEFAULT_EDGE_TYPE
    private static final int DEFAULT_MINIMUM_VELOCITY_DIPS
    private static final int DEFAULT_MAXIMUM_VELOCITY_DIPS
    private static final float DEFAULT_MAXIMUM_EDGE
    private static final float DEFAULT_RELATIVE_EDGE
    private static final float DEFAULT_RELATIVE_VELOCITY
    private static final int DEFAULT_RAMP_UP_DURATION
    private static final int DEFAULT_RAMP_DOWN_DURATION
android.support.v4.widget.ContentLoadingProgressBar:
    private static final int MIN_SHOW_TIME
    private static final int MIN_DELAY